<?xml version="1.0" encoding="UTF-8"?>
<!-- Generated by org.testng.reporters.JUnitReportReporter -->
<testsuite hostname="DESKTOP-8TDN02Q" failures="0" tests="1" name="testpages.LoginTestWithLockedUser" time="0.989" errors="0" timestamp="2024-02-11T20:04:30 EET" skipped="0">
  <testcase classname="testpages.LoginTestWithLockedUser" name="testingValidUserLogin" time="0.989"/>
  <system-out/>
</testsuite> <!-- testpages.LoginTestWithLockedUser -->
