<?xml version="1.0" encoding="UTF-8"?>
<!-- Generated by org.testng.reporters.JUnitReportReporter -->
<testsuite hostname="DESKTOP-8TDN02Q" failures="0" tests="9" name="testpages.TestCasesWithPerformanceUser" time="39.466" errors="0" timestamp="2024-02-11T20:04:30 EET" skipped="0">
  <testcase classname="testpages.TestCasesWithPerformanceUser" name="testingValidUserLogin" time="6.294"/>
  <system-out/>
  <testcase classname="testpages.TestCasesWithPerformanceUser" name="testSortAToZ" time="0.137"/>
  <system-out/>
  <testcase classname="testpages.TestCasesWithPerformanceUser" name="testSortZToA" time="5.146"/>
  <system-out/>
  <testcase classname="testpages.TestCasesWithPerformanceUser" name="testSortLowToHigh" time="5.133"/>
  <system-out/>
  <testcase classname="testpages.TestCasesWithPerformanceUser" name="testSortHighToLow" time="5.137"/>
  <system-out/>
  <testcase classname="testpages.TestCasesWithPerformanceUser" name="testingCheckOut" time="6.193"/>
  <system-out/>
  <testcase classname="testpages.TestCasesWithPerformanceUser" name="testingNavigateToProductDetails" time="5.419"/>
  <system-out/>
  <testcase classname="testpages.TestCasesWithPerformanceUser" name="testingNavigateToCart" time="5.241"/>
  <system-out/>
  <testcase classname="testpages.TestCasesWithPerformanceUser" name="TestlogOut" time="0.766"/>
  <system-out/>
</testsuite> <!-- testpages.TestCasesWithPerformanceUser -->
