<?xml version="1.0" encoding="UTF-8"?>
<!-- Generated by org.testng.reporters.JUnitReportReporter -->
<testsuite hostname="DESKTOP-8TDN02Q" failures="0" tests="1" name="testpages.LoginTests" time="6.500" errors="0" timestamp="2024-02-09T18:13:09 EET" skipped="0">
  <testcase classname="testpages.LoginTests" name="testValidUserLogin" time="6.500"/>
  <system-out/>
</testsuite> <!-- testpages.LoginTests -->
