<?xml version="1.0" encoding="UTF-8"?>
<!-- Generated by org.testng.reporters.JUnitReportReporter -->
<testsuite hostname="DESKTOP-8TDN02Q" failures="0" tests="3" name="testpages.TestCasesWithVisualUser" time="54.379" errors="0" timestamp="2024-02-11T20:04:30 EET" skipped="0">
  <testcase classname="testpages.TestCasesWithVisualUser" name="testingValidUserLogin" time="18.728"/>
  <system-out/>
  <testcase classname="testpages.TestCasesWithVisualUser" name="testingAddProductToCart" time="20.677"/>
  <system-out/>
  <testcase classname="testpages.TestCasesWithVisualUser" name="TestlogOut" time="14.974"/>
  <system-out/>
</testsuite> <!-- testpages.TestCasesWithVisualUser -->
