<?xml version="1.0" encoding="UTF-8"?>
<!-- Generated by org.testng.reporters.JUnitReportReporter -->
<testsuite hostname="DESKTOP-8TDN02Q" failures="0" tests="11" name="testpages.TestCasesWithStandardUser" time="5.523" errors="0" timestamp="2024-02-11T20:04:30 EET" skipped="0">
  <testcase classname="testpages.TestCasesWithStandardUser" name="testingValidUserLogin" time="0.916"/>
  <system-out/>
  <testcase classname="testpages.TestCasesWithStandardUser" name="testingAddProductToCart" time="0.553"/>
  <system-out/>
  <testcase classname="testpages.TestCasesWithStandardUser" name="testingCheckOut" time="1.748"/>
  <system-out/>
  <testcase classname="testpages.TestCasesWithStandardUser" name="testSortAToZ" time="0.204"/>
  <system-out/>
  <testcase classname="testpages.TestCasesWithStandardUser" name="testSortZToA" time="0.209"/>
  <system-out/>
  <testcase classname="testpages.TestCasesWithStandardUser" name="testSortLowToHigh" time="0.171"/>
  <system-out/>
  <testcase classname="testpages.TestCasesWithStandardUser" name="testSortHighToLow" time="0.124"/>
  <system-out/>
  <testcase classname="testpages.TestCasesWithStandardUser" name="testingRemoveProduct" time="0.231"/>
  <system-out/>
  <testcase classname="testpages.TestCasesWithStandardUser" name="testingRemoveProductFromCart" time="0.340"/>
  <system-out/>
  <testcase classname="testpages.TestCasesWithStandardUser" name="testEmptyCartCheckout" time="0.129"/>
  <system-out/>
  <testcase classname="testpages.TestCasesWithStandardUser" name="TestLogOut" time="0.898"/>
  <system-out/>
</testsuite> <!-- testpages.TestCasesWithStandardUser -->
